@I [LIC-101] Checked out feature [VIVADO_HLS]
@I [HLS-10] Running 'C:/Xilinx/Vivado_HLS/2015.1/bin/unwrapped/win64.o/vivado_hls.exe'
            for user 'eps' on host 'cmult-33-67-225' (Windows NT_amd64 version 6.1) on Mon May 25 17:07:06 +0200 2015
            in directory 'C:/Users/eps/Desktop/packet_generator'
@I [HLS-10] Opening project 'C:/Users/eps/Desktop/packet_generator/pkt.prj'.
@I [HLS-10] Opening solution 'C:/Users/eps/Desktop/packet_generator/pkt.prj/solution1'.
@I [SYN-201] Setting up clock 'default' with a period of 10ns.
@I [LIC-101] Checked out feature [VIVADO_HLS]
@I [HLS-10] Setting target device to 'xc7z020clg484-1'
   Compiling ../../../../generator_test.cpp in debug mode
   Generating csim.exe
mac destination 0xbc855635424d
mac source 0x8803553e0428
ip_source 0x9d38342f
ip_destination 0xc0a80000
source port 0x0
destination port 0x0
length 0
num pkt 0x0
continuos 0x0
inter packet gap 0x0
@I [SIM-1] CSim done with 0 errors.
@I [LIC-101] Checked in feature [VIVADO_HLS]
