

================================================================
== Vivado HLS Report for 'packet_generator'
================================================================
* Date:           Mon May 25 16:27:15 2015

* Version:        2015.1 (Build 1215546 on Mon Apr 27 19:24:50 PM 2015)
* Project:        pkt.prj
* Solution:       solution1
* Product family: zynq
* Target device:  xc7z020clg484-1


================================================================
== Performance Estimates
================================================================
+ Timing (ns): 
    * Summary: 
    +---------+-------+----------+------------+
    |  Clock  | Target| Estimated| Uncertainty|
    +---------+-------+----------+------------+
    |default  |  10.00|      0.00|        1.25|
    +---------+-------+----------+------------+

+ Latency (clock cycles): 
    * Summary: 
    +-----+-----+-----+-----+---------+
    |  Latency  |  Interval | Pipeline|
    | min | max | min | max |   Type  |
    +-----+-----+-----+-----+---------+
    |    0|    0|    1|    1|   none  |
    +-----+-----+-----+-----+---------+

    + Detail: 
        * Instance: 
        N/A

        * Loop: 
        N/A



================================================================
== Utilization Estimates
================================================================
* Summary: 
+-----------------+---------+-------+--------+-------+
|       Name      | BRAM_18K| DSP48E|   FF   |  LUT  |
+-----------------+---------+-------+--------+-------+
|Expression       |        -|      -|       -|      -|
|FIFO             |        -|      -|       -|      -|
|Instance         |        -|      -|       -|      -|
|Memory           |        -|      -|       -|      -|
|Multiplexer      |        -|      -|       -|      -|
|Register         |        -|      -|       -|      -|
+-----------------+---------+-------+--------+-------+
|Total            |        0|      0|       0|      0|
+-----------------+---------+-------+--------+-------+
|Available        |      280|    220|  106400|  53200|
+-----------------+---------+-------+--------+-------+
|Utilization (%)  |        0|      0|       0|      0|
+-----------------+---------+-------+--------+-------+

+ Detail: 
    * Instance: 
    N/A

    * Memory: 
    N/A

    * FIFO: 
    N/A

    * Expression: 
    N/A

    * Multiplexer: 
    N/A

    * Register: 
    N/A



================================================================
== Interface
================================================================
* Summary: 
N/A

============================================================
+ Verbose Summary: Synthesis Manager
============================================================
InlineROM: 1
ExposeGlobal: 0
============================================================
+ Verbose Summary: CDFG Model
============================================================
IsTopModel: 1
ResetActiveHigh: 1
IsCombinational: 0
IsDatapathOnly: 0
HasWiredReturn: 1
HasMFsm: 0
HasVarLatency: 0
IsPipeline: 0
IsRtlPipelined: 0
IsInstanceOverlapped: 0
IsDontTouch: 0
HasImplIP: 0
IsGatedGlobalClock: 0


============================================================
+ Verbose Summary: Schedule
============================================================
* Number of FSM states: 1
* Pipeline: 0
* Dataflow Pipeline: 0

* FSM state transitions: 
1 --> 
* FSM state operations: 

 <State 1>: 0.00ns
ST_1: stg_2 [1/1] 0.00ns
:0  call void (...)* @_ssdm_op_SpecBitsMap(i32 %out_V), !map !7

ST_1: stg_3 [1/1] 0.00ns
:1  call void (...)* @_ssdm_op_SpecBitsMap(i48* %mac_destination_V), !map !13

ST_1: stg_4 [1/1] 0.00ns
:2  call void (...)* @_ssdm_op_SpecBitsMap(i48* %mac_source_V), !map !17

ST_1: stg_5 [1/1] 0.00ns
:3  call void (...)* @_ssdm_op_SpecBitsMap(i16* %length_V), !map !21

ST_1: stg_6 [1/1] 0.00ns
:4  call void (...)* @_ssdm_op_SpecBitsMap(i32* %ip_destination_V), !map !25

ST_1: stg_7 [1/1] 0.00ns
:5  call void (...)* @_ssdm_op_SpecBitsMap(i32* %ip_source_V), !map !29

ST_1: stg_8 [1/1] 0.00ns
:6  call void (...)* @_ssdm_op_SpecBitsMap(i16* %source_port_V), !map !33

ST_1: stg_9 [1/1] 0.00ns
:7  call void (...)* @_ssdm_op_SpecBitsMap(i16* %destination_port_V), !map !37

ST_1: stg_10 [1/1] 0.00ns
:8  call void (...)* @_ssdm_op_SpecBitsMap(i32* %inter_packet_gap_V), !map !41

ST_1: stg_11 [1/1] 0.00ns
:9  call void (...)* @_ssdm_op_SpecBitsMap(i16* %num_pkt_V), !map !45

ST_1: stg_12 [1/1] 0.00ns
:10  call void (...)* @_ssdm_op_SpecBitsMap(i1* %continuos_V), !map !49

ST_1: stg_13 [1/1] 0.00ns
:11  call void (...)* @_ssdm_op_SpecTopModule([17 x i8]* @str) nounwind

ST_1: stg_14 [1/1] 0.00ns
:12  call void (...)* @_ssdm_op_SpecIFCore(i48* %mac_destination_V, [1 x i8]* @p_str, [10 x i8]* @p_str1, [1 x i8]* @p_str, i32 -1, [1 x i8]* @p_str, [1 x i8]* @p_str, [23 x i8]* @p_str2)

ST_1: stg_15 [1/1] 0.00ns
:13  call void (...)* @_ssdm_op_SpecIFCore(i48* %mac_source_V, [1 x i8]* @p_str, [10 x i8]* @p_str1, [1 x i8]* @p_str, i32 -1, [1 x i8]* @p_str, [1 x i8]* @p_str, [23 x i8]* @p_str2)

ST_1: stg_16 [1/1] 0.00ns
:14  call void (...)* @_ssdm_op_SpecIFCore(i16* %length_V, [1 x i8]* @p_str, [10 x i8]* @p_str1, [1 x i8]* @p_str, i32 -1, [1 x i8]* @p_str, [1 x i8]* @p_str, [23 x i8]* @p_str2)

ST_1: stg_17 [1/1] 0.00ns
:15  call void (...)* @_ssdm_op_SpecIFCore(i32* %ip_destination_V, [1 x i8]* @p_str, [10 x i8]* @p_str1, [1 x i8]* @p_str, i32 -1, [1 x i8]* @p_str, [1 x i8]* @p_str, [23 x i8]* @p_str2)

ST_1: stg_18 [1/1] 0.00ns
:16  call void (...)* @_ssdm_op_SpecIFCore(i32* %ip_source_V, [1 x i8]* @p_str, [10 x i8]* @p_str1, [1 x i8]* @p_str, i32 -1, [1 x i8]* @p_str, [1 x i8]* @p_str, [23 x i8]* @p_str2)

ST_1: stg_19 [1/1] 0.00ns
:17  call void (...)* @_ssdm_op_SpecIFCore(i16* %source_port_V, [1 x i8]* @p_str, [10 x i8]* @p_str1, [1 x i8]* @p_str, i32 -1, [1 x i8]* @p_str, [1 x i8]* @p_str, [23 x i8]* @p_str2)

ST_1: stg_20 [1/1] 0.00ns
:18  call void (...)* @_ssdm_op_SpecIFCore(i16* %destination_port_V, [1 x i8]* @p_str, [10 x i8]* @p_str1, [1 x i8]* @p_str, i32 -1, [1 x i8]* @p_str, [1 x i8]* @p_str, [23 x i8]* @p_str2)

ST_1: stg_21 [1/1] 0.00ns
:19  call void (...)* @_ssdm_op_SpecIFCore(i16* %num_pkt_V, [1 x i8]* @p_str, [10 x i8]* @p_str1, [1 x i8]* @p_str, i32 -1, [1 x i8]* @p_str, [1 x i8]* @p_str, [23 x i8]* @p_str2)

ST_1: stg_22 [1/1] 0.00ns
:20  call void (...)* @_ssdm_op_SpecIFCore(i32* %inter_packet_gap_V, [1 x i8]* @p_str, [10 x i8]* @p_str1, [1 x i8]* @p_str, i32 -1, [1 x i8]* @p_str, [1 x i8]* @p_str, [23 x i8]* @p_str2)

ST_1: stg_23 [1/1] 0.00ns
:21  call void (...)* @_ssdm_op_SpecIFCore(i1* %continuos_V, [1 x i8]* @p_str, [10 x i8]* @p_str1, [1 x i8]* @p_str, i32 -1, [1 x i8]* @p_str, [1 x i8]* @p_str, [23 x i8]* @p_str2)

ST_1: stg_24 [1/1] 0.00ns
:22  call void (...)* @_ssdm_op_SpecIFCore(i32 0, [1 x i8]* @p_str, [10 x i8]* @p_str1, [1 x i8]* @p_str, i32 -1, [1 x i8]* @p_str, [1 x i8]* @p_str, [23 x i8]* @p_str2)

ST_1: stg_25 [1/1] 0.00ns
:23  ret void



============================================================
+ Verbose Summary: Binding
============================================================
N/A
* FSMD analyzer results:
  - Output states:
  - Chain level:
	State 1


============================================================
+ Verbose Summary: Datapath Resource usage 
============================================================
N/A
